 10-03-2022 21:47:07 - Error - System.IndexOutOfRangeException: 0
   konum: System.Data.SqlClient.TdsParser.TdsExecuteRPC(SqlCommand cmd, _SqlRPC[] rpcArray, Int32 timeout, Boolean inSchema, SqlNotificationRequest notificationRequest, TdsParserStateObject stateObj, Boolean isCommandProc, Boolean sync, TaskCompletionSource`1 completion, Int32 startRpc, Int32 startParam)
   konum: System.Data.SqlClient.SqlCommand.RunExecuteReaderTds(CommandBehavior cmdBehavior, RunBehavior runBehavior, Boolean returnStream, Boolean async, Int32 timeout, Task& task, Boolean asyncWrite, Boolean inRetry, SqlDataReader ds, Boolean describeParameterEncryptionRequest)
   konum: System.Data.SqlClient.SqlCommand.RunExecuteReader(CommandBehavior cmdBehavior, RunBehavior runBehavior, Boolean returnStream, String method, TaskCompletionSource`1 completion, Int32 timeout, Task& task, Boolean& usedCache, Boolean asyncWrite, Boolean inRetry)
   konum: System.Data.SqlClient.SqlCommand.RunExecuteReader(CommandBehavior cmdBehavior, RunBehavior runBehavior, Boolean returnStream, String method)
   konum: System.Data.SqlClient.SqlCommand.ExecuteReader(CommandBehavior behavior, String method)
   konum: System.Data.SqlClient.SqlCommand.ExecuteReader()
   konum: MvcProject.Methods.UserManager.GetUserByName(String username) C:\Users\vyust\Desktop\CuratorTagProject\MvcProject\Methods\UserManager.cs içinde: satýr 335 - General - System.IndexOutOfRangeException: 0
   konum: System.Data.SqlClient.TdsParser.TdsExecuteRPC(SqlCommand cmd, _SqlRPC[] rpcArray, Int32 timeout, Boolean inSchema, SqlNotificationRequest notificationRequest, TdsParserStateObject stateObj, Boolean isCommandProc, Boolean sync, TaskCompletionSource`1 completion, Int32 startRpc, Int32 startParam)
   konum: System.Data.SqlClient.SqlCommand.RunExecuteReaderTds(CommandBehavior cmdBehavior, RunBehavior runBehavior, Boolean returnStream, Boolean async, Int32 timeout, Task& task, Boolean asyncWrite, Boolean inRetry, SqlDataReader ds, Boolean describeParameterEncryptionRequest)
   konum: System.Data.SqlClient.SqlCommand.RunExecuteReader(CommandBehavior cmdBehavior, RunBehavior runBehavior, Boolean returnStream, String method, TaskCompletionSource`1 completion, Int32 timeout, Task& task, Boolean& usedCache, Boolean asyncWrite, Boolean inRetry)
   konum: System.Data.SqlClient.SqlCommand.RunExecuteReader(CommandBehavior cmdBehavior, RunBehavior runBehavior, Boolean returnStream, String method)
   konum: System.Data.SqlClient.SqlCommand.ExecuteReader(CommandBehavior behavior, String method)
   konum: System.Data.SqlClient.SqlCommand.ExecuteReader()
   konum: MvcProject.Methods.UserManager.GetUserByName(String username) C:\Users\vyust\Desktop\CuratorTagProject\MvcProject\Methods\UserManager.cs içinde: satýr 335 - UxRoleProvider.GetRolesForUser => UserManager.GetUserByName => ConnectionManager.Excep

 10-03-2022 21:47:07 - Error - System.IndexOutOfRangeException: 0
   konum: System.Data.SqlClient.TdsParser.TdsExecuteRPC(SqlCommand cmd, _SqlRPC[] rpcArray, Int32 timeout, Boolean inSchema, SqlNotificationRequest notificationRequest, TdsParserStateObject stateObj, Boolean isCommandProc, Boolean sync, TaskCompletionSource`1 completion, Int32 startRpc, Int32 startParam)
   konum: System.Data.SqlClient.SqlCommand.RunExecuteReaderTds(CommandBehavior cmdBehavior, RunBehavior runBehavior, Boolean returnStream, Boolean async, Int32 timeout, Task& task, Boolean asyncWrite, Boolean inRetry, SqlDataReader ds, Boolean describeParameterEncryptionRequest)
   konum: System.Data.SqlClient.SqlCommand.RunExecuteReader(CommandBehavior cmdBehavior, RunBehavior runBehavior, Boolean returnStream, String method, TaskCompletionSource`1 completion, Int32 timeout, Task& task, Boolean& usedCache, Boolean asyncWrite, Boolean inRetry)
   konum: System.Data.SqlClient.SqlCommand.RunExecuteReader(CommandBehavior cmdBehavior, RunBehavior runBehavior, Boolean returnStream, String method)
   konum: System.Data.SqlClient.SqlCommand.ExecuteReader(CommandBehavior behavior, String method)
   konum: System.Data.SqlClient.SqlCommand.ExecuteReader()
   konum: MvcProject.Methods.UserManager.GetUserByName(String username) C:\Users\vyust\Desktop\CuratorTagProject\MvcProject\Methods\UserManager.cs içinde: satýr 335 - General - System.IndexOutOfRangeException: 0
   konum: System.Data.SqlClient.TdsParser.TdsExecuteRPC(SqlCommand cmd, _SqlRPC[] rpcArray, Int32 timeout, Boolean inSchema, SqlNotificationRequest notificationRequest, TdsParserStateObject stateObj, Boolean isCommandProc, Boolean sync, TaskCompletionSource`1 completion, Int32 startRpc, Int32 startParam)
   konum: System.Data.SqlClient.SqlCommand.RunExecuteReaderTds(CommandBehavior cmdBehavior, RunBehavior runBehavior, Boolean returnStream, Boolean async, Int32 timeout, Task& task, Boolean asyncWrite, Boolean inRetry, SqlDataReader ds, Boolean describeParameterEncryptionRequest)
   konum: System.Data.SqlClient.SqlCommand.RunExecuteReader(CommandBehavior cmdBehavior, RunBehavior runBehavior, Boolean returnStream, String method, TaskCompletionSource`1 completion, Int32 timeout, Task& task, Boolean& usedCache, Boolean asyncWrite, Boolean inRetry)
   konum: System.Data.SqlClient.SqlCommand.RunExecuteReader(CommandBehavior cmdBehavior, RunBehavior runBehavior, Boolean returnStream, String method)
   konum: System.Data.SqlClient.SqlCommand.ExecuteReader(CommandBehavior behavior, String method)
   konum: System.Data.SqlClient.SqlCommand.ExecuteReader()
   konum: MvcProject.Methods.UserManager.GetUserByName(String username) C:\Users\vyust\Desktop\CuratorTagProject\MvcProject\Methods\UserManager.cs içinde: satýr 335 - UxRoleProvider.GetRolesForUser => UserManager.GetUserByName => ConnectionManager.Excep

 19-03-2022 15:11:43 - Error - System.NullReferenceException: Nesne baþvurusu bir nesnenin örneðine ayarlanmadý.
   konum: System.Data.SqlClient.SqlDataReader.Bind(TdsParserStateObject stateObj)
   konum: System.Data.SqlClient.SqlCommand.FinishExecuteReader(SqlDataReader ds, RunBehavior runBehavior, String resetOptionsString, Boolean isInternal, Boolean forDescribeParameterEncryption, Boolean shouldCacheForAlwaysEncrypted)
   konum: System.Data.SqlClient.SqlCommand.RunExecuteReaderTds(CommandBehavior cmdBehavior, RunBehavior runBehavior, Boolean returnStream, Boolean async, Int32 timeout, Task& task, Boolean asyncWrite, Boolean inRetry, SqlDataReader ds, Boolean describeParameterEncryptionRequest)
   konum: System.Data.SqlClient.SqlCommand.RunExecuteReader(CommandBehavior cmdBehavior, RunBehavior runBehavior, Boolean returnStream, String method, TaskCompletionSource`1 completion, Int32 timeout, Task& task, Boolean& usedCache, Boolean asyncWrite, Boolean inRetry)
   konum: System.Data.SqlClient.SqlCommand.RunExecuteReader(CommandBehavior cmdBehavior, RunBehavior runBehavior, Boolean returnStream, String method)
   konum: System.Data.SqlClient.SqlCommand.ExecuteReader(CommandBehavior behavior, String method)
   konum: System.Data.SqlClient.SqlCommand.ExecuteReader()
   konum: MvcProject.Methods.UserManager.GetUser(Int32 id) C:\Users\vyust\Desktop\CuratorTagProject\MvcProject\Methods\UserManager.cs içinde: satýr 218 - General - System.NullReferenceException: Nesne baþvurusu bir nesnenin örneðine ayarlanmadý.
   konum: System.Data.SqlClient.SqlDataReader.Bind(TdsParserStateObject stateObj)
   konum: System.Data.SqlClient.SqlCommand.FinishExecuteReader(SqlDataReader ds, RunBehavior runBehavior, String resetOptionsString, Boolean isInternal, Boolean forDescribeParameterEncryption, Boolean shouldCacheForAlwaysEncrypted)
   konum: System.Data.SqlClient.SqlCommand.RunExecuteReaderTds(CommandBehavior cmdBehavior, RunBehavior runBehavior, Boolean returnStream, Boolean async, Int32 timeout, Task& task, Boolean asyncWrite, Boolean inRetry, SqlDataReader ds, Boolean describeParameterEncryptionRequest)
   konum: System.Data.SqlClient.SqlCommand.RunExecuteReader(CommandBehavior cmdBehavior, RunBehavior runBehavior, Boolean returnStream, String method, TaskCompletionSource`1 completion, Int32 timeout, Task& task, Boolean& usedCache, Boolean asyncWrite, Boolean inRetry)
   konum: System.Data.SqlClient.SqlCommand.RunExecuteReader(CommandBehavior cmdBehavior, RunBehavior runBehavior, Boolean returnStream, String method)
   konum: System.Data.SqlClient.SqlCommand.ExecuteReader(CommandBehavior behavior, String method)
   konum: System.Data.SqlClient.SqlCommand.ExecuteReader()
   konum: MvcProject.Methods.UserManager.GetUser(Int32 id) C:\Users\vyust\Desktop\CuratorTagProject\MvcProject\Methods\UserManager.cs içinde: satýr 218 - UserController.GetUserForEdit => UserManager.GetUser => ConnectionManager.Excep

 19-03-2022 15:11:43 - Error - System.Data.SqlClient.SqlException (0x80131904): Procedure or function GetUser has too many arguments specified.
   konum: System.Data.SqlClient.SqlConnection.OnError(SqlException exception, Boolean breakConnection, Action`1 wrapCloseInAction)
   konum: System.Data.SqlClient.SqlInternalConnection.OnError(SqlException exception, Boolean breakConnection, Action`1 wrapCloseInAction)
   konum: System.Data.SqlClient.TdsParser.ThrowExceptionAndWarning(TdsParserStateObject stateObj, Boolean callerHasConnectionLock, Boolean asyncClose)
   konum: System.Data.SqlClient.TdsParser.TryRun(RunBehavior runBehavior, SqlCommand cmdHandler, SqlDataReader dataStream, BulkCopySimpleResultSet bulkCopyHandler, TdsParserStateObject stateObj, Boolean& dataReady)
   konum: System.Data.SqlClient.SqlDataReader.TryConsumeMetaData()
   konum: System.Data.SqlClient.SqlDataReader.get_MetaData()
   konum: System.Data.SqlClient.SqlCommand.FinishExecuteReader(SqlDataReader ds, RunBehavior runBehavior, String resetOptionsString, Boolean isInternal, Boolean forDescribeParameterEncryption, Boolean shouldCacheForAlwaysEncrypted)
   konum: System.Data.SqlClient.SqlCommand.RunExecuteReaderTds(CommandBehavior cmdBehavior, RunBehavior runBehavior, Boolean returnStream, Boolean async, Int32 timeout, Task& task, Boolean asyncWrite, Boolean inRetry, SqlDataReader ds, Boolean describeParameterEncryptionRequest)
   konum: System.Data.SqlClient.SqlCommand.RunExecuteReader(CommandBehavior cmdBehavior, RunBehavior runBehavior, Boolean returnStream, String method, TaskCompletionSource`1 completion, Int32 timeout, Task& task, Boolean& usedCache, Boolean asyncWrite, Boolean inRetry)
   konum: System.Data.SqlClient.SqlCommand.RunExecuteReader(CommandBehavior cmdBehavior, RunBehavior runBehavior, Boolean returnStream, String method)
   konum: System.Data.SqlClient.SqlCommand.ExecuteReader(CommandBehavior behavior, String method)
   konum: System.Data.SqlClient.SqlCommand.ExecuteReader()
   konum: MvcProject.Methods.UserManager.GetUser(Int32 id) C:\Users\vyust\Desktop\CuratorTagProject\MvcProject\Methods\UserManager.cs içinde: satýr 218
ClientConnectionId:0a25ae9d-cf7f-4aec-b4d0-5f5f621694aa
Error Number:8144,State:2,Class:16 - General - System.Data.SqlClient.SqlException (0x80131904): Procedure or function GetUser has too many arguments specified.
   konum: System.Data.SqlClient.SqlConnection.OnError(SqlException exception, Boolean breakConnection, Action`1 wrapCloseInAction)
   konum: System.Data.SqlClient.SqlInternalConnection.OnError(SqlException exception, Boolean breakConnection, Action`1 wrapCloseInAction)
   konum: System.Data.SqlClient.TdsParser.ThrowExceptionAndWarning(TdsParserStateObject stateObj, Boolean callerHasConnectionLock, Boolean asyncClose)
   konum: System.Data.SqlClient.TdsParser.TryRun(RunBehavior runBehavior, SqlCommand cmdHandler, SqlDataReader dataStream, BulkCopySimpleResultSet bulkCopyHandler, TdsParserStateObject stateObj, Boolean& dataReady)
   konum: System.Data.SqlClient.SqlDataReader.TryConsumeMetaData()
   konum: System.Data.SqlClient.SqlDataReader.get_MetaData()
   konum: System.Data.SqlClient.SqlCommand.FinishExecuteReader(SqlDataReader ds, RunBehavior runBehavior, String resetOptionsString, Boolean isInternal, Boolean forDescribeParameterEncryption, Boolean shouldCacheForAlwaysEncrypted)
   konum: System.Data.SqlClient.SqlCommand.RunExecuteReaderTds(CommandBehavior cmdBehavior, RunBehavior runBehavior, Boolean returnStream, Boolean async, Int32 timeout, Task& task, Boolean asyncWrite, Boolean inRetry, SqlDataReader ds, Boolean describeParameterEncryptionRequest)
   konum: System.Data.SqlClient.SqlCommand.RunExecuteReader(CommandBehavior cmdBehavior, RunBehavior runBehavior, Boolean returnStream, String method, TaskCompletionSource`1 completion, Int32 timeout, Task& task, Boolean& usedCache, Boolean asyncWrite, Boolean inRetry)
   konum: System.Data.SqlClient.SqlCommand.RunExecuteReader(CommandBehavior cmdBehavior, RunBehavior runBehavior, Boolean returnStream, String method)
   konum: System.Data.SqlClient.SqlCommand.ExecuteReader(CommandBehavior behavior, String method)
   konum: System.Data.SqlClient.SqlCommand.ExecuteReader()
   konum: MvcProject.Methods.UserManager.GetUser(Int32 id) C:\Users\vyust\Desktop\CuratorTagProject\MvcProject\Methods\UserManager.cs içinde: satýr 218
ClientConnectionId:0a25ae9d-cf7f-4aec-b4d0-5f5f621694aa
Error Number:8144,State:2,Class:16 - UserController.GetUserForEdit => UserManager.GetUser => ConnectionManager.Excep

 19-03-2022 15:12:07 - Error - System.Data.SqlClient.SqlException (0x80131904): Procedure or function GetUser has too many arguments specified.
   konum: System.Data.SqlClient.SqlConnection.OnError(SqlException exception, Boolean breakConnection, Action`1 wrapCloseInAction)
   konum: System.Data.SqlClient.SqlInternalConnection.OnError(SqlException exception, Boolean breakConnection, Action`1 wrapCloseInAction)
   konum: System.Data.SqlClient.TdsParser.ThrowExceptionAndWarning(TdsParserStateObject stateObj, Boolean callerHasConnectionLock, Boolean asyncClose)
   konum: System.Data.SqlClient.TdsParser.TryRun(RunBehavior runBehavior, SqlCommand cmdHandler, SqlDataReader dataStream, BulkCopySimpleResultSet bulkCopyHandler, TdsParserStateObject stateObj, Boolean& dataReady)
   konum: System.Data.SqlClient.SqlDataReader.TryConsumeMetaData()
   konum: System.Data.SqlClient.SqlDataReader.get_MetaData()
   konum: System.Data.SqlClient.SqlCommand.FinishExecuteReader(SqlDataReader ds, RunBehavior runBehavior, String resetOptionsString, Boolean isInternal, Boolean forDescribeParameterEncryption, Boolean shouldCacheForAlwaysEncrypted)
   konum: System.Data.SqlClient.SqlCommand.RunExecuteReaderTds(CommandBehavior cmdBehavior, RunBehavior runBehavior, Boolean returnStream, Boolean async, Int32 timeout, Task& task, Boolean asyncWrite, Boolean inRetry, SqlDataReader ds, Boolean describeParameterEncryptionRequest)
   konum: System.Data.SqlClient.SqlCommand.RunExecuteReader(CommandBehavior cmdBehavior, RunBehavior runBehavior, Boolean returnStream, String method, TaskCompletionSource`1 completion, Int32 timeout, Task& task, Boolean& usedCache, Boolean asyncWrite, Boolean inRetry)
   konum: System.Data.SqlClient.SqlCommand.RunExecuteReader(CommandBehavior cmdBehavior, RunBehavior runBehavior, Boolean returnStream, String method)
   konum: System.Data.SqlClient.SqlCommand.ExecuteReader(CommandBehavior behavior, String method)
   konum: System.Data.SqlClient.SqlCommand.ExecuteReader()
   konum: MvcProject.Methods.UserManager.GetUserByName(String username) C:\Users\vyust\Desktop\CuratorTagProject\MvcProject\Methods\UserManager.cs içinde: satýr 335
ClientConnectionId:0a25ae9d-cf7f-4aec-b4d0-5f5f621694aa
Error Number:8144,State:2,Class:16 - General - System.Data.SqlClient.SqlException (0x80131904): Procedure or function GetUser has too many arguments specified.
   konum: System.Data.SqlClient.SqlConnection.OnError(SqlException exception, Boolean breakConnection, Action`1 wrapCloseInAction)
   konum: System.Data.SqlClient.SqlInternalConnection.OnError(SqlException exception, Boolean breakConnection, Action`1 wrapCloseInAction)
   konum: System.Data.SqlClient.TdsParser.ThrowExceptionAndWarning(TdsParserStateObject stateObj, Boolean callerHasConnectionLock, Boolean asyncClose)
   konum: System.Data.SqlClient.TdsParser.TryRun(RunBehavior runBehavior, SqlCommand cmdHandler, SqlDataReader dataStream, BulkCopySimpleResultSet bulkCopyHandler, TdsParserStateObject stateObj, Boolean& dataReady)
   konum: System.Data.SqlClient.SqlDataReader.TryConsumeMetaData()
   konum: System.Data.SqlClient.SqlDataReader.get_MetaData()
   konum: System.Data.SqlClient.SqlCommand.FinishExecuteReader(SqlDataReader ds, RunBehavior runBehavior, String resetOptionsString, Boolean isInternal, Boolean forDescribeParameterEncryption, Boolean shouldCacheForAlwaysEncrypted)
   konum: System.Data.SqlClient.SqlCommand.RunExecuteReaderTds(CommandBehavior cmdBehavior, RunBehavior runBehavior, Boolean returnStream, Boolean async, Int32 timeout, Task& task, Boolean asyncWrite, Boolean inRetry, SqlDataReader ds, Boolean describeParameterEncryptionRequest)
   konum: System.Data.SqlClient.SqlCommand.RunExecuteReader(CommandBehavior cmdBehavior, RunBehavior runBehavior, Boolean returnStream, String method, TaskCompletionSource`1 completion, Int32 timeout, Task& task, Boolean& usedCache, Boolean asyncWrite, Boolean inRetry)
   konum: System.Data.SqlClient.SqlCommand.RunExecuteReader(CommandBehavior cmdBehavior, RunBehavior runBehavior, Boolean returnStream, String method)
   konum: System.Data.SqlClient.SqlCommand.ExecuteReader(CommandBehavior behavior, String method)
   konum: System.Data.SqlClient.SqlCommand.ExecuteReader()
   konum: MvcProject.Methods.UserManager.GetUserByName(String username) C:\Users\vyust\Desktop\CuratorTagProject\MvcProject\Methods\UserManager.cs içinde: satýr 335
ClientConnectionId:0a25ae9d-cf7f-4aec-b4d0-5f5f621694aa
Error Number:8144,State:2,Class:16 - UserController.GetUserForEdit => UserManager.GetUserByName => ConnectionManager.Excep

 19-03-2022 18:38:09 - Error - System.NullReferenceException: Nesne baþvurusu bir nesnenin örneðine ayarlanmadý.
   konum: System.Data.SqlClient.SqlDataReader.Bind(TdsParserStateObject stateObj)
   konum: System.Data.SqlClient.SqlCommand.FinishExecuteReader(SqlDataReader ds, RunBehavior runBehavior, String resetOptionsString, Boolean isInternal, Boolean forDescribeParameterEncryption, Boolean shouldCacheForAlwaysEncrypted)
   konum: System.Data.SqlClient.SqlCommand.RunExecuteReaderTds(CommandBehavior cmdBehavior, RunBehavior runBehavior, Boolean returnStream, Boolean async, Int32 timeout, Task& task, Boolean asyncWrite, Boolean inRetry, SqlDataReader ds, Boolean describeParameterEncryptionRequest)
   konum: System.Data.SqlClient.SqlCommand.RunExecuteReader(CommandBehavior cmdBehavior, RunBehavior runBehavior, Boolean returnStream, String method, TaskCompletionSource`1 completion, Int32 timeout, Task& task, Boolean& usedCache, Boolean asyncWrite, Boolean inRetry)
   konum: System.Data.SqlClient.SqlCommand.RunExecuteReader(CommandBehavior cmdBehavior, RunBehavior runBehavior, Boolean returnStream, String method)
   konum: System.Data.SqlClient.SqlCommand.ExecuteReader(CommandBehavior behavior, String method)
   konum: System.Data.SqlClient.SqlCommand.ExecuteReader()
   konum: MvcProject.Methods.UserManager.GetUser(Int32 id) C:\Users\vyust\Desktop\CuratorTagProject\MvcProject\Methods\UserManager.cs içinde: satýr 218 - General - System.NullReferenceException: Nesne baþvurusu bir nesnenin örneðine ayarlanmadý.
   konum: System.Data.SqlClient.SqlDataReader.Bind(TdsParserStateObject stateObj)
   konum: System.Data.SqlClient.SqlCommand.FinishExecuteReader(SqlDataReader ds, RunBehavior runBehavior, String resetOptionsString, Boolean isInternal, Boolean forDescribeParameterEncryption, Boolean shouldCacheForAlwaysEncrypted)
   konum: System.Data.SqlClient.SqlCommand.RunExecuteReaderTds(CommandBehavior cmdBehavior, RunBehavior runBehavior, Boolean returnStream, Boolean async, Int32 timeout, Task& task, Boolean asyncWrite, Boolean inRetry, SqlDataReader ds, Boolean describeParameterEncryptionRequest)
   konum: System.Data.SqlClient.SqlCommand.RunExecuteReader(CommandBehavior cmdBehavior, RunBehavior runBehavior, Boolean returnStream, String method, TaskCompletionSource`1 completion, Int32 timeout, Task& task, Boolean& usedCache, Boolean asyncWrite, Boolean inRetry)
   konum: System.Data.SqlClient.SqlCommand.RunExecuteReader(CommandBehavior cmdBehavior, RunBehavior runBehavior, Boolean returnStream, String method)
   konum: System.Data.SqlClient.SqlCommand.ExecuteReader(CommandBehavior behavior, String method)
   konum: System.Data.SqlClient.SqlCommand.ExecuteReader()
   konum: MvcProject.Methods.UserManager.GetUser(Int32 id) C:\Users\vyust\Desktop\CuratorTagProject\MvcProject\Methods\UserManager.cs içinde: satýr 218 - UserController.GetUserForEdit => UserManager.GetUser => ConnectionManager.Excep

 19-03-2022 21:49:35 - Error - System.Data.SqlClient.SqlException (0x80131904): Procedure or function GetUser has too many arguments specified.
   konum: System.Data.SqlClient.SqlConnection.OnError(SqlException exception, Boolean breakConnection, Action`1 wrapCloseInAction)
   konum: System.Data.SqlClient.SqlInternalConnection.OnError(SqlException exception, Boolean breakConnection, Action`1 wrapCloseInAction)
   konum: System.Data.SqlClient.TdsParser.ThrowExceptionAndWarning(TdsParserStateObject stateObj, Boolean callerHasConnectionLock, Boolean asyncClose)
   konum: System.Data.SqlClient.TdsParser.TryRun(RunBehavior runBehavior, SqlCommand cmdHandler, SqlDataReader dataStream, BulkCopySimpleResultSet bulkCopyHandler, TdsParserStateObject stateObj, Boolean& dataReady)
   konum: System.Data.SqlClient.SqlDataReader.TryConsumeMetaData()
   konum: System.Data.SqlClient.SqlDataReader.get_MetaData()
   konum: System.Data.SqlClient.SqlCommand.FinishExecuteReader(SqlDataReader ds, RunBehavior runBehavior, String resetOptionsString, Boolean isInternal, Boolean forDescribeParameterEncryption, Boolean shouldCacheForAlwaysEncrypted)
   konum: System.Data.SqlClient.SqlCommand.RunExecuteReaderTds(CommandBehavior cmdBehavior, RunBehavior runBehavior, Boolean returnStream, Boolean async, Int32 timeout, Task& task, Boolean asyncWrite, Boolean inRetry, SqlDataReader ds, Boolean describeParameterEncryptionRequest)
   konum: System.Data.SqlClient.SqlCommand.RunExecuteReader(CommandBehavior cmdBehavior, RunBehavior runBehavior, Boolean returnStream, String method, TaskCompletionSource`1 completion, Int32 timeout, Task& task, Boolean& usedCache, Boolean asyncWrite, Boolean inRetry)
   konum: System.Data.SqlClient.SqlCommand.RunExecuteReader(CommandBehavior cmdBehavior, RunBehavior runBehavior, Boolean returnStream, String method)
   konum: System.Data.SqlClient.SqlCommand.ExecuteReader(CommandBehavior behavior, String method)
   konum: System.Data.SqlClient.SqlCommand.ExecuteReader()
   konum: MvcProject.Methods.UserManager.GetUser(Int32 id) C:\Users\vyust\Desktop\CuratorTagProject\MvcProject\Methods\UserManager.cs içinde: satýr 218
ClientConnectionId:c82ebae8-ca75-4e98-9d79-f17d930e06d7
Error Number:8144,State:2,Class:16 - General - System.Data.SqlClient.SqlException (0x80131904): Procedure or function GetUser has too many arguments specified.
   konum: System.Data.SqlClient.SqlConnection.OnError(SqlException exception, Boolean breakConnection, Action`1 wrapCloseInAction)
   konum: System.Data.SqlClient.SqlInternalConnection.OnError(SqlException exception, Boolean breakConnection, Action`1 wrapCloseInAction)
   konum: System.Data.SqlClient.TdsParser.ThrowExceptionAndWarning(TdsParserStateObject stateObj, Boolean callerHasConnectionLock, Boolean asyncClose)
   konum: System.Data.SqlClient.TdsParser.TryRun(RunBehavior runBehavior, SqlCommand cmdHandler, SqlDataReader dataStream, BulkCopySimpleResultSet bulkCopyHandler, TdsParserStateObject stateObj, Boolean& dataReady)
   konum: System.Data.SqlClient.SqlDataReader.TryConsumeMetaData()
   konum: System.Data.SqlClient.SqlDataReader.get_MetaData()
   konum: System.Data.SqlClient.SqlCommand.FinishExecuteReader(SqlDataReader ds, RunBehavior runBehavior, String resetOptionsString, Boolean isInternal, Boolean forDescribeParameterEncryption, Boolean shouldCacheForAlwaysEncrypted)
   konum: System.Data.SqlClient.SqlCommand.RunExecuteReaderTds(CommandBehavior cmdBehavior, RunBehavior runBehavior, Boolean returnStream, Boolean async, Int32 timeout, Task& task, Boolean asyncWrite, Boolean inRetry, SqlDataReader ds, Boolean describeParameterEncryptionRequest)
   konum: System.Data.SqlClient.SqlCommand.RunExecuteReader(CommandBehavior cmdBehavior, RunBehavior runBehavior, Boolean returnStream, String method, TaskCompletionSource`1 completion, Int32 timeout, Task& task, Boolean& usedCache, Boolean asyncWrite, Boolean inRetry)
   konum: System.Data.SqlClient.SqlCommand.RunExecuteReader(CommandBehavior cmdBehavior, RunBehavior runBehavior, Boolean returnStream, String method)
   konum: System.Data.SqlClient.SqlCommand.ExecuteReader(CommandBehavior behavior, String method)
   konum: System.Data.SqlClient.SqlCommand.ExecuteReader()
   konum: MvcProject.Methods.UserManager.GetUser(Int32 id) C:\Users\vyust\Desktop\CuratorTagProject\MvcProject\Methods\UserManager.cs içinde: satýr 218
ClientConnectionId:c82ebae8-ca75-4e98-9d79-f17d930e06d7
Error Number:8144,State:2,Class:16 - UserController.GetUserForEdit => UserManager.GetUser => ConnectionManager.Excep

 19-03-2022 21:49:35 - Error - System.NullReferenceException: Nesne baþvurusu bir nesnenin örneðine ayarlanmadý.
   konum: System.Data.SqlClient.SqlDataReader.Bind(TdsParserStateObject stateObj)
   konum: System.Data.SqlClient.SqlCommand.FinishExecuteReader(SqlDataReader ds, RunBehavior runBehavior, String resetOptionsString, Boolean isInternal, Boolean forDescribeParameterEncryption, Boolean shouldCacheForAlwaysEncrypted)
   konum: System.Data.SqlClient.SqlCommand.RunExecuteReaderTds(CommandBehavior cmdBehavior, RunBehavior runBehavior, Boolean returnStream, Boolean async, Int32 timeout, Task& task, Boolean asyncWrite, Boolean inRetry, SqlDataReader ds, Boolean describeParameterEncryptionRequest)
   konum: System.Data.SqlClient.SqlCommand.RunExecuteReader(CommandBehavior cmdBehavior, RunBehavior runBehavior, Boolean returnStream, String method, TaskCompletionSource`1 completion, Int32 timeout, Task& task, Boolean& usedCache, Boolean asyncWrite, Boolean inRetry)
   konum: System.Data.SqlClient.SqlCommand.RunExecuteReader(CommandBehavior cmdBehavior, RunBehavior runBehavior, Boolean returnStream, String method)
   konum: System.Data.SqlClient.SqlCommand.ExecuteReader(CommandBehavior behavior, String method)
   konum: System.Data.SqlClient.SqlCommand.ExecuteReader()
   konum: MvcProject.Methods.UserManager.GetUser(Int32 id) C:\Users\vyust\Desktop\CuratorTagProject\MvcProject\Methods\UserManager.cs içinde: satýr 218 - General - System.NullReferenceException: Nesne baþvurusu bir nesnenin örneðine ayarlanmadý.
   konum: System.Data.SqlClient.SqlDataReader.Bind(TdsParserStateObject stateObj)
   konum: System.Data.SqlClient.SqlCommand.FinishExecuteReader(SqlDataReader ds, RunBehavior runBehavior, String resetOptionsString, Boolean isInternal, Boolean forDescribeParameterEncryption, Boolean shouldCacheForAlwaysEncrypted)
   konum: System.Data.SqlClient.SqlCommand.RunExecuteReaderTds(CommandBehavior cmdBehavior, RunBehavior runBehavior, Boolean returnStream, Boolean async, Int32 timeout, Task& task, Boolean asyncWrite, Boolean inRetry, SqlDataReader ds, Boolean describeParameterEncryptionRequest)
   konum: System.Data.SqlClient.SqlCommand.RunExecuteReader(CommandBehavior cmdBehavior, RunBehavior runBehavior, Boolean returnStream, String method, TaskCompletionSource`1 completion, Int32 timeout, Task& task, Boolean& usedCache, Boolean asyncWrite, Boolean inRetry)
   konum: System.Data.SqlClient.SqlCommand.RunExecuteReader(CommandBehavior cmdBehavior, RunBehavior runBehavior, Boolean returnStream, String method)
   konum: System.Data.SqlClient.SqlCommand.ExecuteReader(CommandBehavior behavior, String method)
   konum: System.Data.SqlClient.SqlCommand.ExecuteReader()
   konum: MvcProject.Methods.UserManager.GetUser(Int32 id) C:\Users\vyust\Desktop\CuratorTagProject\MvcProject\Methods\UserManager.cs içinde: satýr 218 - UserController.GetUserForEdit => UserManager.GetUser => ConnectionManager.Excep

 19-03-2022 21:49:42 - Error - System.Data.SqlClient.SqlException (0x80131904): Procedure or function GetUser has too many arguments specified.
   konum: System.Data.SqlClient.SqlConnection.OnError(SqlException exception, Boolean breakConnection, Action`1 wrapCloseInAction)
   konum: System.Data.SqlClient.SqlInternalConnection.OnError(SqlException exception, Boolean breakConnection, Action`1 wrapCloseInAction)
   konum: System.Data.SqlClient.TdsParser.ThrowExceptionAndWarning(TdsParserStateObject stateObj, Boolean callerHasConnectionLock, Boolean asyncClose)
   konum: System.Data.SqlClient.TdsParser.TryRun(RunBehavior runBehavior, SqlCommand cmdHandler, SqlDataReader dataStream, BulkCopySimpleResultSet bulkCopyHandler, TdsParserStateObject stateObj, Boolean& dataReady)
   konum: System.Data.SqlClient.SqlDataReader.TryConsumeMetaData()
   konum: System.Data.SqlClient.SqlDataReader.get_MetaData()
   konum: System.Data.SqlClient.SqlCommand.FinishExecuteReader(SqlDataReader ds, RunBehavior runBehavior, String resetOptionsString, Boolean isInternal, Boolean forDescribeParameterEncryption, Boolean shouldCacheForAlwaysEncrypted)
   konum: System.Data.SqlClient.SqlCommand.RunExecuteReaderTds(CommandBehavior cmdBehavior, RunBehavior runBehavior, Boolean returnStream, Boolean async, Int32 timeout, Task& task, Boolean asyncWrite, Boolean inRetry, SqlDataReader ds, Boolean describeParameterEncryptionRequest)
   konum: System.Data.SqlClient.SqlCommand.RunExecuteReader(CommandBehavior cmdBehavior, RunBehavior runBehavior, Boolean returnStream, String method, TaskCompletionSource`1 completion, Int32 timeout, Task& task, Boolean& usedCache, Boolean asyncWrite, Boolean inRetry)
   konum: System.Data.SqlClient.SqlCommand.RunExecuteReader(CommandBehavior cmdBehavior, RunBehavior runBehavior, Boolean returnStream, String method)
   konum: System.Data.SqlClient.SqlCommand.ExecuteReader(CommandBehavior behavior, String method)
   konum: System.Data.SqlClient.SqlCommand.ExecuteReader()
   konum: MvcProject.Methods.UserManager.GetUserByName(String username) C:\Users\vyust\Desktop\CuratorTagProject\MvcProject\Methods\UserManager.cs içinde: satýr 335
ClientConnectionId:c82ebae8-ca75-4e98-9d79-f17d930e06d7
Error Number:8144,State:2,Class:16 - General - System.Data.SqlClient.SqlException (0x80131904): Procedure or function GetUser has too many arguments specified.
   konum: System.Data.SqlClient.SqlConnection.OnError(SqlException exception, Boolean breakConnection, Action`1 wrapCloseInAction)
   konum: System.Data.SqlClient.SqlInternalConnection.OnError(SqlException exception, Boolean breakConnection, Action`1 wrapCloseInAction)
   konum: System.Data.SqlClient.TdsParser.ThrowExceptionAndWarning(TdsParserStateObject stateObj, Boolean callerHasConnectionLock, Boolean asyncClose)
   konum: System.Data.SqlClient.TdsParser.TryRun(RunBehavior runBehavior, SqlCommand cmdHandler, SqlDataReader dataStream, BulkCopySimpleResultSet bulkCopyHandler, TdsParserStateObject stateObj, Boolean& dataReady)
   konum: System.Data.SqlClient.SqlDataReader.TryConsumeMetaData()
   konum: System.Data.SqlClient.SqlDataReader.get_MetaData()
   konum: System.Data.SqlClient.SqlCommand.FinishExecuteReader(SqlDataReader ds, RunBehavior runBehavior, String resetOptionsString, Boolean isInternal, Boolean forDescribeParameterEncryption, Boolean shouldCacheForAlwaysEncrypted)
   konum: System.Data.SqlClient.SqlCommand.RunExecuteReaderTds(CommandBehavior cmdBehavior, RunBehavior runBehavior, Boolean returnStream, Boolean async, Int32 timeout, Task& task, Boolean asyncWrite, Boolean inRetry, SqlDataReader ds, Boolean describeParameterEncryptionRequest)
   konum: System.Data.SqlClient.SqlCommand.RunExecuteReader(CommandBehavior cmdBehavior, RunBehavior runBehavior, Boolean returnStream, String method, TaskCompletionSource`1 completion, Int32 timeout, Task& task, Boolean& usedCache, Boolean asyncWrite, Boolean inRetry)
   konum: System.Data.SqlClient.SqlCommand.RunExecuteReader(CommandBehavior cmdBehavior, RunBehavior runBehavior, Boolean returnStream, String method)
   konum: System.Data.SqlClient.SqlCommand.ExecuteReader(CommandBehavior behavior, String method)
   konum: System.Data.SqlClient.SqlCommand.ExecuteReader()
   konum: MvcProject.Methods.UserManager.GetUserByName(String username) C:\Users\vyust\Desktop\CuratorTagProject\MvcProject\Methods\UserManager.cs içinde: satýr 335
ClientConnectionId:c82ebae8-ca75-4e98-9d79-f17d930e06d7
Error Number:8144,State:2,Class:16 - UxRoleProvider.GetRolesForUser => UserManager.GetUserByName => ConnectionManager.Excep

 19-03-2022 21:50:10 - Error - System.IndexOutOfRangeException: UserId
   konum: System.Data.ProviderBase.FieldNameLookup.GetOrdinal(String fieldName)
   konum: System.Data.SqlClient.SqlDataReader.GetOrdinal(String name)
   konum: System.Data.SqlClient.SqlDataReader.get_Item(String name)
   konum: MvcProject.Methods.PageManager.GetPagesByUserId(Page findPage) C:\Users\vyust\Desktop\CuratorTagProject\MvcProject\Methods\PageManager.cs içinde: satýr 315 - General - System.IndexOutOfRangeException: UserId
   konum: System.Data.ProviderBase.FieldNameLookup.GetOrdinal(String fieldName)
   konum: System.Data.SqlClient.SqlDataReader.GetOrdinal(String name)
   konum: System.Data.SqlClient.SqlDataReader.get_Item(String name)
   konum: MvcProject.Methods.PageManager.GetPagesByUserId(Page findPage) C:\Users\vyust\Desktop\CuratorTagProject\MvcProject\Methods\PageManager.cs içinde: satýr 315 - PageController.GetPagesByUserId => PageManager.GetPagesByUserId => ConnectionManager.Excep

 19-03-2022 21:50:27 - Error - System.IndexOutOfRangeException: Username
   konum: System.Data.ProviderBase.FieldNameLookup.GetOrdinal(String fieldName)
   konum: System.Data.SqlClient.SqlDataReader.GetOrdinal(String name)
   konum: System.Data.SqlClient.SqlDataReader.get_Item(String name)
   konum: MvcProject.Methods.UserManager.GetUserByName(String username) C:\Users\vyust\Desktop\CuratorTagProject\MvcProject\Methods\UserManager.cs içinde: satýr 343 - General - System.IndexOutOfRangeException: Username
   konum: System.Data.ProviderBase.FieldNameLookup.GetOrdinal(String fieldName)
   konum: System.Data.SqlClient.SqlDataReader.GetOrdinal(String name)
   konum: System.Data.SqlClient.SqlDataReader.get_Item(String name)
   konum: MvcProject.Methods.UserManager.GetUserByName(String username) C:\Users\vyust\Desktop\CuratorTagProject\MvcProject\Methods\UserManager.cs içinde: satýr 343 - UxRoleProvider.GetRolesForUser => UserManager.GetUserByName => ConnectionManager.Excep

 19-03-2022 21:54:43 - Error - System.NullReferenceException: Nesne baþvurusu bir nesnenin örneðine ayarlanmadý.
   konum: System.Data.SqlClient.SqlDataReader.Bind(TdsParserStateObject stateObj)
   konum: System.Data.SqlClient.SqlCommand.FinishExecuteReader(SqlDataReader ds, RunBehavior runBehavior, String resetOptionsString, Boolean isInternal, Boolean forDescribeParameterEncryption, Boolean shouldCacheForAlwaysEncrypted)
   konum: System.Data.SqlClient.SqlCommand.RunExecuteReaderTds(CommandBehavior cmdBehavior, RunBehavior runBehavior, Boolean returnStream, Boolean async, Int32 timeout, Task& task, Boolean asyncWrite, Boolean inRetry, SqlDataReader ds, Boolean describeParameterEncryptionRequest)
   konum: System.Data.SqlClient.SqlCommand.RunExecuteReader(CommandBehavior cmdBehavior, RunBehavior runBehavior, Boolean returnStream, String method, TaskCompletionSource`1 completion, Int32 timeout, Task& task, Boolean& usedCache, Boolean asyncWrite, Boolean inRetry)
   konum: System.Data.SqlClient.SqlCommand.RunExecuteReader(CommandBehavior cmdBehavior, RunBehavior runBehavior, Boolean returnStream, String method)
   konum: System.Data.SqlClient.SqlCommand.ExecuteReader(CommandBehavior behavior, String method)
   konum: System.Data.SqlClient.SqlCommand.ExecuteReader()
   konum: MvcProject.Methods.UserManager.GetUser(Int32 id) C:\Users\vyust\Desktop\CuratorTagProject\MvcProject\Methods\UserManager.cs içinde: satýr 218 - General - System.NullReferenceException: Nesne baþvurusu bir nesnenin örneðine ayarlanmadý.
   konum: System.Data.SqlClient.SqlDataReader.Bind(TdsParserStateObject stateObj)
   konum: System.Data.SqlClient.SqlCommand.FinishExecuteReader(SqlDataReader ds, RunBehavior runBehavior, String resetOptionsString, Boolean isInternal, Boolean forDescribeParameterEncryption, Boolean shouldCacheForAlwaysEncrypted)
   konum: System.Data.SqlClient.SqlCommand.RunExecuteReaderTds(CommandBehavior cmdBehavior, RunBehavior runBehavior, Boolean returnStream, Boolean async, Int32 timeout, Task& task, Boolean asyncWrite, Boolean inRetry, SqlDataReader ds, Boolean describeParameterEncryptionRequest)
   konum: System.Data.SqlClient.SqlCommand.RunExecuteReader(CommandBehavior cmdBehavior, RunBehavior runBehavior, Boolean returnStream, String method, TaskCompletionSource`1 completion, Int32 timeout, Task& task, Boolean& usedCache, Boolean asyncWrite, Boolean inRetry)
   konum: System.Data.SqlClient.SqlCommand.RunExecuteReader(CommandBehavior cmdBehavior, RunBehavior runBehavior, Boolean returnStream, String method)
   konum: System.Data.SqlClient.SqlCommand.ExecuteReader(CommandBehavior behavior, String method)
   konum: System.Data.SqlClient.SqlCommand.ExecuteReader()
   konum: MvcProject.Methods.UserManager.GetUser(Int32 id) C:\Users\vyust\Desktop\CuratorTagProject\MvcProject\Methods\UserManager.cs içinde: satýr 218 - UserController.GetUserForEdit => UserManager.GetUser => ConnectionManager.Excep

 19-03-2022 21:54:43 - Error - System.Data.SqlClient.SqlException (0x80131904): Procedure or function GetUser has too many arguments specified.
   konum: System.Data.SqlClient.SqlConnection.OnError(SqlException exception, Boolean breakConnection, Action`1 wrapCloseInAction)
   konum: System.Data.SqlClient.SqlInternalConnection.OnError(SqlException exception, Boolean breakConnection, Action`1 wrapCloseInAction)
   konum: System.Data.SqlClient.TdsParser.ThrowExceptionAndWarning(TdsParserStateObject stateObj, Boolean callerHasConnectionLock, Boolean asyncClose)
   konum: System.Data.SqlClient.TdsParser.TryRun(RunBehavior runBehavior, SqlCommand cmdHandler, SqlDataReader dataStream, BulkCopySimpleResultSet bulkCopyHandler, TdsParserStateObject stateObj, Boolean& dataReady)
   konum: System.Data.SqlClient.SqlDataReader.TryConsumeMetaData()
   konum: System.Data.SqlClient.SqlDataReader.get_MetaData()
   konum: System.Data.SqlClient.SqlCommand.FinishExecuteReader(SqlDataReader ds, RunBehavior runBehavior, String resetOptionsString, Boolean isInternal, Boolean forDescribeParameterEncryption, Boolean shouldCacheForAlwaysEncrypted)
   konum: System.Data.SqlClient.SqlCommand.RunExecuteReaderTds(CommandBehavior cmdBehavior, RunBehavior runBehavior, Boolean returnStream, Boolean async, Int32 timeout, Task& task, Boolean asyncWrite, Boolean inRetry, SqlDataReader ds, Boolean describeParameterEncryptionRequest)
   konum: System.Data.SqlClient.SqlCommand.RunExecuteReader(CommandBehavior cmdBehavior, RunBehavior runBehavior, Boolean returnStream, String method, TaskCompletionSource`1 completion, Int32 timeout, Task& task, Boolean& usedCache, Boolean asyncWrite, Boolean inRetry)
   konum: System.Data.SqlClient.SqlCommand.RunExecuteReader(CommandBehavior cmdBehavior, RunBehavior runBehavior, Boolean returnStream, String method)
   konum: System.Data.SqlClient.SqlCommand.ExecuteReader(CommandBehavior behavior, String method)
   konum: System.Data.SqlClient.SqlCommand.ExecuteReader()
   konum: MvcProject.Methods.UserManager.GetUser(Int32 id) C:\Users\vyust\Desktop\CuratorTagProject\MvcProject\Methods\UserManager.cs içinde: satýr 218
ClientConnectionId:f782b239-0f99-42b6-81b9-9ee7f4f622be
Error Number:8144,State:2,Class:16 - General - System.Data.SqlClient.SqlException (0x80131904): Procedure or function GetUser has too many arguments specified.
   konum: System.Data.SqlClient.SqlConnection.OnError(SqlException exception, Boolean breakConnection, Action`1 wrapCloseInAction)
   konum: System.Data.SqlClient.SqlInternalConnection.OnError(SqlException exception, Boolean breakConnection, Action`1 wrapCloseInAction)
   konum: System.Data.SqlClient.TdsParser.ThrowExceptionAndWarning(TdsParserStateObject stateObj, Boolean callerHasConnectionLock, Boolean asyncClose)
   konum: System.Data.SqlClient.TdsParser.TryRun(RunBehavior runBehavior, SqlCommand cmdHandler, SqlDataReader dataStream, BulkCopySimpleResultSet bulkCopyHandler, TdsParserStateObject stateObj, Boolean& dataReady)
   konum: System.Data.SqlClient.SqlDataReader.TryConsumeMetaData()
   konum: System.Data.SqlClient.SqlDataReader.get_MetaData()
   konum: System.Data.SqlClient.SqlCommand.FinishExecuteReader(SqlDataReader ds, RunBehavior runBehavior, String resetOptionsString, Boolean isInternal, Boolean forDescribeParameterEncryption, Boolean shouldCacheForAlwaysEncrypted)
   konum: System.Data.SqlClient.SqlCommand.RunExecuteReaderTds(CommandBehavior cmdBehavior, RunBehavior runBehavior, Boolean returnStream, Boolean async, Int32 timeout, Task& task, Boolean asyncWrite, Boolean inRetry, SqlDataReader ds, Boolean describeParameterEncryptionRequest)
   konum: System.Data.SqlClient.SqlCommand.RunExecuteReader(CommandBehavior cmdBehavior, RunBehavior runBehavior, Boolean returnStream, String method, TaskCompletionSource`1 completion, Int32 timeout, Task& task, Boolean& usedCache, Boolean asyncWrite, Boolean inRetry)
   konum: System.Data.SqlClient.SqlCommand.RunExecuteReader(CommandBehavior cmdBehavior, RunBehavior runBehavior, Boolean returnStream, String method)
   konum: System.Data.SqlClient.SqlCommand.ExecuteReader(CommandBehavior behavior, String method)
   konum: System.Data.SqlClient.SqlCommand.ExecuteReader()
   konum: MvcProject.Methods.UserManager.GetUser(Int32 id) C:\Users\vyust\Desktop\CuratorTagProject\MvcProject\Methods\UserManager.cs içinde: satýr 218
ClientConnectionId:f782b239-0f99-42b6-81b9-9ee7f4f622be
Error Number:8144,State:2,Class:16 - UserController.GetUserForEdit => UserManager.GetUser => ConnectionManager.Excep

 19-03-2022 21:54:58 - Error - System.Data.SqlClient.SqlException (0x80131904): Procedure or function GetUser has too many arguments specified.
   konum: System.Data.SqlClient.SqlConnection.OnError(SqlException exception, Boolean breakConnection, Action`1 wrapCloseInAction)
   konum: System.Data.SqlClient.SqlInternalConnection.OnError(SqlException exception, Boolean breakConnection, Action`1 wrapCloseInAction)
   konum: System.Data.SqlClient.TdsParser.ThrowExceptionAndWarning(TdsParserStateObject stateObj, Boolean callerHasConnectionLock, Boolean asyncClose)
   konum: System.Data.SqlClient.TdsParser.TryRun(RunBehavior runBehavior, SqlCommand cmdHandler, SqlDataReader dataStream, BulkCopySimpleResultSet bulkCopyHandler, TdsParserStateObject stateObj, Boolean& dataReady)
   konum: System.Data.SqlClient.SqlDataReader.TryConsumeMetaData()
   konum: System.Data.SqlClient.SqlDataReader.get_MetaData()
   konum: System.Data.SqlClient.SqlCommand.FinishExecuteReader(SqlDataReader ds, RunBehavior runBehavior, String resetOptionsString, Boolean isInternal, Boolean forDescribeParameterEncryption, Boolean shouldCacheForAlwaysEncrypted)
   konum: System.Data.SqlClient.SqlCommand.RunExecuteReaderTds(CommandBehavior cmdBehavior, RunBehavior runBehavior, Boolean returnStream, Boolean async, Int32 timeout, Task& task, Boolean asyncWrite, Boolean inRetry, SqlDataReader ds, Boolean describeParameterEncryptionRequest)
   konum: System.Data.SqlClient.SqlCommand.RunExecuteReader(CommandBehavior cmdBehavior, RunBehavior runBehavior, Boolean returnStream, String method, TaskCompletionSource`1 completion, Int32 timeout, Task& task, Boolean& usedCache, Boolean asyncWrite, Boolean inRetry)
   konum: System.Data.SqlClient.SqlCommand.RunExecuteReader(CommandBehavior cmdBehavior, RunBehavior runBehavior, Boolean returnStream, String method)
   konum: System.Data.SqlClient.SqlCommand.ExecuteReader(CommandBehavior behavior, String method)
   konum: System.Data.SqlClient.SqlCommand.ExecuteReader()
   konum: MvcProject.Methods.UserManager.GetUserByName(String username) C:\Users\vyust\Desktop\CuratorTagProject\MvcProject\Methods\UserManager.cs içinde: satýr 335
ClientConnectionId:f782b239-0f99-42b6-81b9-9ee7f4f622be
Error Number:8144,State:2,Class:16 - General - System.Data.SqlClient.SqlException (0x80131904): Procedure or function GetUser has too many arguments specified.
   konum: System.Data.SqlClient.SqlConnection.OnError(SqlException exception, Boolean breakConnection, Action`1 wrapCloseInAction)
   konum: System.Data.SqlClient.SqlInternalConnection.OnError(SqlException exception, Boolean breakConnection, Action`1 wrapCloseInAction)
   konum: System.Data.SqlClient.TdsParser.ThrowExceptionAndWarning(TdsParserStateObject stateObj, Boolean callerHasConnectionLock, Boolean asyncClose)
   konum: System.Data.SqlClient.TdsParser.TryRun(RunBehavior runBehavior, SqlCommand cmdHandler, SqlDataReader dataStream, BulkCopySimpleResultSet bulkCopyHandler, TdsParserStateObject stateObj, Boolean& dataReady)
   konum: System.Data.SqlClient.SqlDataReader.TryConsumeMetaData()
   konum: System.Data.SqlClient.SqlDataReader.get_MetaData()
   konum: System.Data.SqlClient.SqlCommand.FinishExecuteReader(SqlDataReader ds, RunBehavior runBehavior, String resetOptionsString, Boolean isInternal, Boolean forDescribeParameterEncryption, Boolean shouldCacheForAlwaysEncrypted)
   konum: System.Data.SqlClient.SqlCommand.RunExecuteReaderTds(CommandBehavior cmdBehavior, RunBehavior runBehavior, Boolean returnStream, Boolean async, Int32 timeout, Task& task, Boolean asyncWrite, Boolean inRetry, SqlDataReader ds, Boolean describeParameterEncryptionRequest)
   konum: System.Data.SqlClient.SqlCommand.RunExecuteReader(CommandBehavior cmdBehavior, RunBehavior runBehavior, Boolean returnStream, String method, TaskCompletionSource`1 completion, Int32 timeout, Task& task, Boolean& usedCache, Boolean asyncWrite, Boolean inRetry)
   konum: System.Data.SqlClient.SqlCommand.RunExecuteReader(CommandBehavior cmdBehavior, RunBehavior runBehavior, Boolean returnStream, String method)
   konum: System.Data.SqlClient.SqlCommand.ExecuteReader(CommandBehavior behavior, String method)
   konum: System.Data.SqlClient.SqlCommand.ExecuteReader()
   konum: MvcProject.Methods.UserManager.GetUserByName(String username) C:\Users\vyust\Desktop\CuratorTagProject\MvcProject\Methods\UserManager.cs içinde: satýr 335
ClientConnectionId:f782b239-0f99-42b6-81b9-9ee7f4f622be
Error Number:8144,State:2,Class:16 - UserController.GetUserForEdit => UserManager.GetUserByName => ConnectionManager.Excep

 19-03-2022 22:02:42 - Error - System.NullReferenceException: Nesne baþvurusu bir nesnenin örneðine ayarlanmadý.
   konum: System.Data.SqlClient.SqlDataReader.Bind(TdsParserStateObject stateObj)
   konum: System.Data.SqlClient.SqlCommand.FinishExecuteReader(SqlDataReader ds, RunBehavior runBehavior, String resetOptionsString, Boolean isInternal, Boolean forDescribeParameterEncryption, Boolean shouldCacheForAlwaysEncrypted)
   konum: System.Data.SqlClient.SqlCommand.RunExecuteReaderTds(CommandBehavior cmdBehavior, RunBehavior runBehavior, Boolean returnStream, Boolean async, Int32 timeout, Task& task, Boolean asyncWrite, Boolean inRetry, SqlDataReader ds, Boolean describeParameterEncryptionRequest)
   konum: System.Data.SqlClient.SqlCommand.RunExecuteReader(CommandBehavior cmdBehavior, RunBehavior runBehavior, Boolean returnStream, String method, TaskCompletionSource`1 completion, Int32 timeout, Task& task, Boolean& usedCache, Boolean asyncWrite, Boolean inRetry)
   konum: System.Data.SqlClient.SqlCommand.RunExecuteReader(CommandBehavior cmdBehavior, RunBehavior runBehavior, Boolean returnStream, String method)
   konum: System.Data.SqlClient.SqlCommand.ExecuteReader(CommandBehavior behavior, String method)
   konum: System.Data.SqlClient.SqlCommand.ExecuteReader()
   konum: MvcProject.Methods.UserManager.GetUser(Int32 id) C:\Users\vyust\Desktop\CuratorTagProject\MvcProject\Methods\UserManager.cs içinde: satýr 218 - General - System.NullReferenceException: Nesne baþvurusu bir nesnenin örneðine ayarlanmadý.
   konum: System.Data.SqlClient.SqlDataReader.Bind(TdsParserStateObject stateObj)
   konum: System.Data.SqlClient.SqlCommand.FinishExecuteReader(SqlDataReader ds, RunBehavior runBehavior, String resetOptionsString, Boolean isInternal, Boolean forDescribeParameterEncryption, Boolean shouldCacheForAlwaysEncrypted)
   konum: System.Data.SqlClient.SqlCommand.RunExecuteReaderTds(CommandBehavior cmdBehavior, RunBehavior runBehavior, Boolean returnStream, Boolean async, Int32 timeout, Task& task, Boolean asyncWrite, Boolean inRetry, SqlDataReader ds, Boolean describeParameterEncryptionRequest)
   konum: System.Data.SqlClient.SqlCommand.RunExecuteReader(CommandBehavior cmdBehavior, RunBehavior runBehavior, Boolean returnStream, String method, TaskCompletionSource`1 completion, Int32 timeout, Task& task, Boolean& usedCache, Boolean asyncWrite, Boolean inRetry)
   konum: System.Data.SqlClient.SqlCommand.RunExecuteReader(CommandBehavior cmdBehavior, RunBehavior runBehavior, Boolean returnStream, String method)
   konum: System.Data.SqlClient.SqlCommand.ExecuteReader(CommandBehavior behavior, String method)
   konum: System.Data.SqlClient.SqlCommand.ExecuteReader()
   konum: MvcProject.Methods.UserManager.GetUser(Int32 id) C:\Users\vyust\Desktop\CuratorTagProject\MvcProject\Methods\UserManager.cs içinde: satýr 218 - UserController.GetUserForEdit => UserManager.GetUser => ConnectionManager.Excep

 19-03-2022 22:02:42 - Error - System.Data.SqlClient.SqlException (0x80131904): Procedure or function GetUser has too many arguments specified.
   konum: System.Data.SqlClient.SqlConnection.OnError(SqlException exception, Boolean breakConnection, Action`1 wrapCloseInAction)
   konum: System.Data.SqlClient.SqlInternalConnection.OnError(SqlException exception, Boolean breakConnection, Action`1 wrapCloseInAction)
   konum: System.Data.SqlClient.TdsParser.ThrowExceptionAndWarning(TdsParserStateObject stateObj, Boolean callerHasConnectionLock, Boolean asyncClose)
   konum: System.Data.SqlClient.TdsParser.TryRun(RunBehavior runBehavior, SqlCommand cmdHandler, SqlDataReader dataStream, BulkCopySimpleResultSet bulkCopyHandler, TdsParserStateObject stateObj, Boolean& dataReady)
   konum: System.Data.SqlClient.SqlDataReader.TryConsumeMetaData()
   konum: System.Data.SqlClient.SqlDataReader.get_MetaData()
   konum: System.Data.SqlClient.SqlCommand.FinishExecuteReader(SqlDataReader ds, RunBehavior runBehavior, String resetOptionsString, Boolean isInternal, Boolean forDescribeParameterEncryption, Boolean shouldCacheForAlwaysEncrypted)
   konum: System.Data.SqlClient.SqlCommand.RunExecuteReaderTds(CommandBehavior cmdBehavior, RunBehavior runBehavior, Boolean returnStream, Boolean async, Int32 timeout, Task& task, Boolean asyncWrite, Boolean inRetry, SqlDataReader ds, Boolean describeParameterEncryptionRequest)
   konum: System.Data.SqlClient.SqlCommand.RunExecuteReader(CommandBehavior cmdBehavior, RunBehavior runBehavior, Boolean returnStream, String method, TaskCompletionSource`1 completion, Int32 timeout, Task& task, Boolean& usedCache, Boolean asyncWrite, Boolean inRetry)
   konum: System.Data.SqlClient.SqlCommand.RunExecuteReader(CommandBehavior cmdBehavior, RunBehavior runBehavior, Boolean returnStream, String method)
   konum: System.Data.SqlClient.SqlCommand.ExecuteReader(CommandBehavior behavior, String method)
   konum: System.Data.SqlClient.SqlCommand.ExecuteReader()
   konum: MvcProject.Methods.UserManager.GetUser(Int32 id) C:\Users\vyust\Desktop\CuratorTagProject\MvcProject\Methods\UserManager.cs içinde: satýr 218
ClientConnectionId:8f51c910-e6ce-4b87-bac5-b6a274cd404b
Error Number:8144,State:2,Class:16 - General - System.Data.SqlClient.SqlException (0x80131904): Procedure or function GetUser has too many arguments specified.
   konum: System.Data.SqlClient.SqlConnection.OnError(SqlException exception, Boolean breakConnection, Action`1 wrapCloseInAction)
   konum: System.Data.SqlClient.SqlInternalConnection.OnError(SqlException exception, Boolean breakConnection, Action`1 wrapCloseInAction)
   konum: System.Data.SqlClient.TdsParser.ThrowExceptionAndWarning(TdsParserStateObject stateObj, Boolean callerHasConnectionLock, Boolean asyncClose)
   konum: System.Data.SqlClient.TdsParser.TryRun(RunBehavior runBehavior, SqlCommand cmdHandler, SqlDataReader dataStream, BulkCopySimpleResultSet bulkCopyHandler, TdsParserStateObject stateObj, Boolean& dataReady)
   konum: System.Data.SqlClient.SqlDataReader.TryConsumeMetaData()
   konum: System.Data.SqlClient.SqlDataReader.get_MetaData()
   konum: System.Data.SqlClient.SqlCommand.FinishExecuteReader(SqlDataReader ds, RunBehavior runBehavior, String resetOptionsString, Boolean isInternal, Boolean forDescribeParameterEncryption, Boolean shouldCacheForAlwaysEncrypted)
   konum: System.Data.SqlClient.SqlCommand.RunExecuteReaderTds(CommandBehavior cmdBehavior, RunBehavior runBehavior, Boolean returnStream, Boolean async, Int32 timeout, Task& task, Boolean asyncWrite, Boolean inRetry, SqlDataReader ds, Boolean describeParameterEncryptionRequest)
   konum: System.Data.SqlClient.SqlCommand.RunExecuteReader(CommandBehavior cmdBehavior, RunBehavior runBehavior, Boolean returnStream, String method, TaskCompletionSource`1 completion, Int32 timeout, Task& task, Boolean& usedCache, Boolean asyncWrite, Boolean inRetry)
   konum: System.Data.SqlClient.SqlCommand.RunExecuteReader(CommandBehavior cmdBehavior, RunBehavior runBehavior, Boolean returnStream, String method)
   konum: System.Data.SqlClient.SqlCommand.ExecuteReader(CommandBehavior behavior, String method)
   konum: System.Data.SqlClient.SqlCommand.ExecuteReader()
   konum: MvcProject.Methods.UserManager.GetUser(Int32 id) C:\Users\vyust\Desktop\CuratorTagProject\MvcProject\Methods\UserManager.cs içinde: satýr 218
ClientConnectionId:8f51c910-e6ce-4b87-bac5-b6a274cd404b
Error Number:8144,State:2,Class:16 - UserController.GetUserForEdit => UserManager.GetUser => ConnectionManager.Excep

 19-03-2022 22:02:48 - Error - System.Data.SqlClient.SqlException (0x80131904): Procedure or function GetUser has too many arguments specified.
   konum: System.Data.SqlClient.SqlConnection.OnError(SqlException exception, Boolean breakConnection, Action`1 wrapCloseInAction)
   konum: System.Data.SqlClient.SqlInternalConnection.OnError(SqlException exception, Boolean breakConnection, Action`1 wrapCloseInAction)
   konum: System.Data.SqlClient.TdsParser.ThrowExceptionAndWarning(TdsParserStateObject stateObj, Boolean callerHasConnectionLock, Boolean asyncClose)
   konum: System.Data.SqlClient.TdsParser.TryRun(RunBehavior runBehavior, SqlCommand cmdHandler, SqlDataReader dataStream, BulkCopySimpleResultSet bulkCopyHandler, TdsParserStateObject stateObj, Boolean& dataReady)
   konum: System.Data.SqlClient.SqlDataReader.TryConsumeMetaData()
   konum: System.Data.SqlClient.SqlDataReader.get_MetaData()
   konum: System.Data.SqlClient.SqlCommand.FinishExecuteReader(SqlDataReader ds, RunBehavior runBehavior, String resetOptionsString, Boolean isInternal, Boolean forDescribeParameterEncryption, Boolean shouldCacheForAlwaysEncrypted)
   konum: System.Data.SqlClient.SqlCommand.RunExecuteReaderTds(CommandBehavior cmdBehavior, RunBehavior runBehavior, Boolean returnStream, Boolean async, Int32 timeout, Task& task, Boolean asyncWrite, Boolean inRetry, SqlDataReader ds, Boolean describeParameterEncryptionRequest)
   konum: System.Data.SqlClient.SqlCommand.RunExecuteReader(CommandBehavior cmdBehavior, RunBehavior runBehavior, Boolean returnStream, String method, TaskCompletionSource`1 completion, Int32 timeout, Task& task, Boolean& usedCache, Boolean asyncWrite, Boolean inRetry)
   konum: System.Data.SqlClient.SqlCommand.RunExecuteReader(CommandBehavior cmdBehavior, RunBehavior runBehavior, Boolean returnStream, String method)
   konum: System.Data.SqlClient.SqlCommand.ExecuteReader(CommandBehavior behavior, String method)
   konum: System.Data.SqlClient.SqlCommand.ExecuteReader()
   konum: MvcProject.Methods.UserManager.GetUserByName(String username) C:\Users\vyust\Desktop\CuratorTagProject\MvcProject\Methods\UserManager.cs içinde: satýr 335
ClientConnectionId:8f51c910-e6ce-4b87-bac5-b6a274cd404b
Error Number:8144,State:2,Class:16 - General - System.Data.SqlClient.SqlException (0x80131904): Procedure or function GetUser has too many arguments specified.
   konum: System.Data.SqlClient.SqlConnection.OnError(SqlException exception, Boolean breakConnection, Action`1 wrapCloseInAction)
   konum: System.Data.SqlClient.SqlInternalConnection.OnError(SqlException exception, Boolean breakConnection, Action`1 wrapCloseInAction)
   konum: System.Data.SqlClient.TdsParser.ThrowExceptionAndWarning(TdsParserStateObject stateObj, Boolean callerHasConnectionLock, Boolean asyncClose)
   konum: System.Data.SqlClient.TdsParser.TryRun(RunBehavior runBehavior, SqlCommand cmdHandler, SqlDataReader dataStream, BulkCopySimpleResultSet bulkCopyHandler, TdsParserStateObject stateObj, Boolean& dataReady)
   konum: System.Data.SqlClient.SqlDataReader.TryConsumeMetaData()
   konum: System.Data.SqlClient.SqlDataReader.get_MetaData()
   konum: System.Data.SqlClient.SqlCommand.FinishExecuteReader(SqlDataReader ds, RunBehavior runBehavior, String resetOptionsString, Boolean isInternal, Boolean forDescribeParameterEncryption, Boolean shouldCacheForAlwaysEncrypted)
   konum: System.Data.SqlClient.SqlCommand.RunExecuteReaderTds(CommandBehavior cmdBehavior, RunBehavior runBehavior, Boolean returnStream, Boolean async, Int32 timeout, Task& task, Boolean asyncWrite, Boolean inRetry, SqlDataReader ds, Boolean describeParameterEncryptionRequest)
   konum: System.Data.SqlClient.SqlCommand.RunExecuteReader(CommandBehavior cmdBehavior, RunBehavior runBehavior, Boolean returnStream, String method, TaskCompletionSource`1 completion, Int32 timeout, Task& task, Boolean& usedCache, Boolean asyncWrite, Boolean inRetry)
   konum: System.Data.SqlClient.SqlCommand.RunExecuteReader(CommandBehavior cmdBehavior, RunBehavior runBehavior, Boolean returnStream, String method)
   konum: System.Data.SqlClient.SqlCommand.ExecuteReader(CommandBehavior behavior, String method)
   konum: System.Data.SqlClient.SqlCommand.ExecuteReader()
   konum: MvcProject.Methods.UserManager.GetUserByName(String username) C:\Users\vyust\Desktop\CuratorTagProject\MvcProject\Methods\UserManager.cs içinde: satýr 335
ClientConnectionId:8f51c910-e6ce-4b87-bac5-b6a274cd404b
Error Number:8144,State:2,Class:16 - UxRoleProvider.GetRolesForUser => UserManager.GetUserByName => ConnectionManager.Excep

 19-03-2022 22:35:01 - Error - System.Data.SqlClient.SqlException (0x80131904): Procedure or function GetUserByName has too many arguments specified.
   konum: System.Data.SqlClient.SqlConnection.OnError(SqlException exception, Boolean breakConnection, Action`1 wrapCloseInAction)
   konum: System.Data.SqlClient.SqlInternalConnection.OnError(SqlException exception, Boolean breakConnection, Action`1 wrapCloseInAction)
   konum: System.Data.SqlClient.TdsParser.ThrowExceptionAndWarning(TdsParserStateObject stateObj, Boolean callerHasConnectionLock, Boolean asyncClose)
   konum: System.Data.SqlClient.TdsParser.TryRun(RunBehavior runBehavior, SqlCommand cmdHandler, SqlDataReader dataStream, BulkCopySimpleResultSet bulkCopyHandler, TdsParserStateObject stateObj, Boolean& dataReady)
   konum: System.Data.SqlClient.SqlDataReader.TryConsumeMetaData()
   konum: System.Data.SqlClient.SqlDataReader.get_MetaData()
   konum: System.Data.SqlClient.SqlCommand.FinishExecuteReader(SqlDataReader ds, RunBehavior runBehavior, String resetOptionsString, Boolean isInternal, Boolean forDescribeParameterEncryption, Boolean shouldCacheForAlwaysEncrypted)
   konum: System.Data.SqlClient.SqlCommand.RunExecuteReaderTds(CommandBehavior cmdBehavior, RunBehavior runBehavior, Boolean returnStream, Boolean async, Int32 timeout, Task& task, Boolean asyncWrite, Boolean inRetry, SqlDataReader ds, Boolean describeParameterEncryptionRequest)
   konum: System.Data.SqlClient.SqlCommand.RunExecuteReader(CommandBehavior cmdBehavior, RunBehavior runBehavior, Boolean returnStream, String method, TaskCompletionSource`1 completion, Int32 timeout, Task& task, Boolean& usedCache, Boolean asyncWrite, Boolean inRetry)
   konum: System.Data.SqlClient.SqlCommand.RunExecuteReader(CommandBehavior cmdBehavior, RunBehavior runBehavior, Boolean returnStream, String method)
   konum: System.Data.SqlClient.SqlCommand.ExecuteReader(CommandBehavior behavior, String method)
   konum: System.Data.SqlClient.SqlCommand.ExecuteReader()
   konum: MvcProject.Methods.UserManager.GetUserByName(String username) C:\Users\vyust\Desktop\CuratorTagProject\MvcProject\Methods\UserManager.cs içinde: satýr 335
ClientConnectionId:9b6bc047-eea0-45a8-bc62-3a9536570ea8
Error Number:8144,State:2,Class:16 - General - System.Data.SqlClient.SqlException (0x80131904): Procedure or function GetUserByName has too many arguments specified.
   konum: System.Data.SqlClient.SqlConnection.OnError(SqlException exception, Boolean breakConnection, Action`1 wrapCloseInAction)
   konum: System.Data.SqlClient.SqlInternalConnection.OnError(SqlException exception, Boolean breakConnection, Action`1 wrapCloseInAction)
   konum: System.Data.SqlClient.TdsParser.ThrowExceptionAndWarning(TdsParserStateObject stateObj, Boolean callerHasConnectionLock, Boolean asyncClose)
   konum: System.Data.SqlClient.TdsParser.TryRun(RunBehavior runBehavior, SqlCommand cmdHandler, SqlDataReader dataStream, BulkCopySimpleResultSet bulkCopyHandler, TdsParserStateObject stateObj, Boolean& dataReady)
   konum: System.Data.SqlClient.SqlDataReader.TryConsumeMetaData()
   konum: System.Data.SqlClient.SqlDataReader.get_MetaData()
   konum: System.Data.SqlClient.SqlCommand.FinishExecuteReader(SqlDataReader ds, RunBehavior runBehavior, String resetOptionsString, Boolean isInternal, Boolean forDescribeParameterEncryption, Boolean shouldCacheForAlwaysEncrypted)
   konum: System.Data.SqlClient.SqlCommand.RunExecuteReaderTds(CommandBehavior cmdBehavior, RunBehavior runBehavior, Boolean returnStream, Boolean async, Int32 timeout, Task& task, Boolean asyncWrite, Boolean inRetry, SqlDataReader ds, Boolean describeParameterEncryptionRequest)
   konum: System.Data.SqlClient.SqlCommand.RunExecuteReader(CommandBehavior cmdBehavior, RunBehavior runBehavior, Boolean returnStream, String method, TaskCompletionSource`1 completion, Int32 timeout, Task& task, Boolean& usedCache, Boolean asyncWrite, Boolean inRetry)
   konum: System.Data.SqlClient.SqlCommand.RunExecuteReader(CommandBehavior cmdBehavior, RunBehavior runBehavior, Boolean returnStream, String method)
   konum: System.Data.SqlClient.SqlCommand.ExecuteReader(CommandBehavior behavior, String method)
   konum: System.Data.SqlClient.SqlCommand.ExecuteReader()
   konum: MvcProject.Methods.UserManager.GetUserByName(String username) C:\Users\vyust\Desktop\CuratorTagProject\MvcProject\Methods\UserManager.cs içinde: satýr 335
ClientConnectionId:9b6bc047-eea0-45a8-bc62-3a9536570ea8
Error Number:8144,State:2,Class:16 - UserController.GetUserForEdit => UserManager.GetUserByName => ConnectionManager.Excep

 19-03-2022 22:35:01 - Error - System.NullReferenceException: Nesne baþvurusu bir nesnenin örneðine ayarlanmadý.
   konum: System.Data.SqlClient.SqlDataReader.Bind(TdsParserStateObject stateObj)
   konum: System.Data.SqlClient.SqlCommand.FinishExecuteReader(SqlDataReader ds, RunBehavior runBehavior, String resetOptionsString, Boolean isInternal, Boolean forDescribeParameterEncryption, Boolean shouldCacheForAlwaysEncrypted)
   konum: System.Data.SqlClient.SqlCommand.RunExecuteReaderTds(CommandBehavior cmdBehavior, RunBehavior runBehavior, Boolean returnStream, Boolean async, Int32 timeout, Task& task, Boolean asyncWrite, Boolean inRetry, SqlDataReader ds, Boolean describeParameterEncryptionRequest)
   konum: System.Data.SqlClient.SqlCommand.RunExecuteReader(CommandBehavior cmdBehavior, RunBehavior runBehavior, Boolean returnStream, String method, TaskCompletionSource`1 completion, Int32 timeout, Task& task, Boolean& usedCache, Boolean asyncWrite, Boolean inRetry)
   konum: System.Data.SqlClient.SqlCommand.RunExecuteReader(CommandBehavior cmdBehavior, RunBehavior runBehavior, Boolean returnStream, String method)
   konum: System.Data.SqlClient.SqlCommand.ExecuteReader(CommandBehavior behavior, String method)
   konum: System.Data.SqlClient.SqlCommand.ExecuteReader()
   konum: MvcProject.Methods.UserManager.GetUserByName(String username) C:\Users\vyust\Desktop\CuratorTagProject\MvcProject\Methods\UserManager.cs içinde: satýr 335 - General - System.NullReferenceException: Nesne baþvurusu bir nesnenin örneðine ayarlanmadý.
   konum: System.Data.SqlClient.SqlDataReader.Bind(TdsParserStateObject stateObj)
   konum: System.Data.SqlClient.SqlCommand.FinishExecuteReader(SqlDataReader ds, RunBehavior runBehavior, String resetOptionsString, Boolean isInternal, Boolean forDescribeParameterEncryption, Boolean shouldCacheForAlwaysEncrypted)
   konum: System.Data.SqlClient.SqlCommand.RunExecuteReaderTds(CommandBehavior cmdBehavior, RunBehavior runBehavior, Boolean returnStream, Boolean async, Int32 timeout, Task& task, Boolean asyncWrite, Boolean inRetry, SqlDataReader ds, Boolean describeParameterEncryptionRequest)
   konum: System.Data.SqlClient.SqlCommand.RunExecuteReader(CommandBehavior cmdBehavior, RunBehavior runBehavior, Boolean returnStream, String method, TaskCompletionSource`1 completion, Int32 timeout, Task& task, Boolean& usedCache, Boolean asyncWrite, Boolean inRetry)
   konum: System.Data.SqlClient.SqlCommand.RunExecuteReader(CommandBehavior cmdBehavior, RunBehavior runBehavior, Boolean returnStream, String method)
   konum: System.Data.SqlClient.SqlCommand.ExecuteReader(CommandBehavior behavior, String method)
   konum: System.Data.SqlClient.SqlCommand.ExecuteReader()
   konum: MvcProject.Methods.UserManager.GetUserByName(String username) C:\Users\vyust\Desktop\CuratorTagProject\MvcProject\Methods\UserManager.cs içinde: satýr 335 - UserController.GetUserForEdit => UserManager.GetUserByName => ConnectionManager.Excep

 19-03-2022 22:35:14 - Error - System.Data.SqlClient.SqlException (0x80131904): Procedure or function GetUserByName has too many arguments specified.
   konum: System.Data.SqlClient.SqlConnection.OnError(SqlException exception, Boolean breakConnection, Action`1 wrapCloseInAction)
   konum: System.Data.SqlClient.SqlInternalConnection.OnError(SqlException exception, Boolean breakConnection, Action`1 wrapCloseInAction)
   konum: System.Data.SqlClient.TdsParser.ThrowExceptionAndWarning(TdsParserStateObject stateObj, Boolean callerHasConnectionLock, Boolean asyncClose)
   konum: System.Data.SqlClient.TdsParser.TryRun(RunBehavior runBehavior, SqlCommand cmdHandler, SqlDataReader dataStream, BulkCopySimpleResultSet bulkCopyHandler, TdsParserStateObject stateObj, Boolean& dataReady)
   konum: System.Data.SqlClient.SqlDataReader.TryConsumeMetaData()
   konum: System.Data.SqlClient.SqlDataReader.get_MetaData()
   konum: System.Data.SqlClient.SqlCommand.FinishExecuteReader(SqlDataReader ds, RunBehavior runBehavior, String resetOptionsString, Boolean isInternal, Boolean forDescribeParameterEncryption, Boolean shouldCacheForAlwaysEncrypted)
   konum: System.Data.SqlClient.SqlCommand.RunExecuteReaderTds(CommandBehavior cmdBehavior, RunBehavior runBehavior, Boolean returnStream, Boolean async, Int32 timeout, Task& task, Boolean asyncWrite, Boolean inRetry, SqlDataReader ds, Boolean describeParameterEncryptionRequest)
   konum: System.Data.SqlClient.SqlCommand.RunExecuteReader(CommandBehavior cmdBehavior, RunBehavior runBehavior, Boolean returnStream, String method, TaskCompletionSource`1 completion, Int32 timeout, Task& task, Boolean& usedCache, Boolean asyncWrite, Boolean inRetry)
   konum: System.Data.SqlClient.SqlCommand.RunExecuteReader(CommandBehavior cmdBehavior, RunBehavior runBehavior, Boolean returnStream, String method)
   konum: System.Data.SqlClient.SqlCommand.ExecuteReader(CommandBehavior behavior, String method)
   konum: System.Data.SqlClient.SqlCommand.ExecuteReader()
   konum: MvcProject.Methods.UserManager.GetUserByName(String username) C:\Users\vyust\Desktop\CuratorTagProject\MvcProject\Methods\UserManager.cs içinde: satýr 335
ClientConnectionId:9b6bc047-eea0-45a8-bc62-3a9536570ea8
Error Number:8144,State:2,Class:16 - General - System.Data.SqlClient.SqlException (0x80131904): Procedure or function GetUserByName has too many arguments specified.
   konum: System.Data.SqlClient.SqlConnection.OnError(SqlException exception, Boolean breakConnection, Action`1 wrapCloseInAction)
   konum: System.Data.SqlClient.SqlInternalConnection.OnError(SqlException exception, Boolean breakConnection, Action`1 wrapCloseInAction)
   konum: System.Data.SqlClient.TdsParser.ThrowExceptionAndWarning(TdsParserStateObject stateObj, Boolean callerHasConnectionLock, Boolean asyncClose)
   konum: System.Data.SqlClient.TdsParser.TryRun(RunBehavior runBehavior, SqlCommand cmdHandler, SqlDataReader dataStream, BulkCopySimpleResultSet bulkCopyHandler, TdsParserStateObject stateObj, Boolean& dataReady)
   konum: System.Data.SqlClient.SqlDataReader.TryConsumeMetaData()
   konum: System.Data.SqlClient.SqlDataReader.get_MetaData()
   konum: System.Data.SqlClient.SqlCommand.FinishExecuteReader(SqlDataReader ds, RunBehavior runBehavior, String resetOptionsString, Boolean isInternal, Boolean forDescribeParameterEncryption, Boolean shouldCacheForAlwaysEncrypted)
   konum: System.Data.SqlClient.SqlCommand.RunExecuteReaderTds(CommandBehavior cmdBehavior, RunBehavior runBehavior, Boolean returnStream, Boolean async, Int32 timeout, Task& task, Boolean asyncWrite, Boolean inRetry, SqlDataReader ds, Boolean describeParameterEncryptionRequest)
   konum: System.Data.SqlClient.SqlCommand.RunExecuteReader(CommandBehavior cmdBehavior, RunBehavior runBehavior, Boolean returnStream, String method, TaskCompletionSource`1 completion, Int32 timeout, Task& task, Boolean& usedCache, Boolean asyncWrite, Boolean inRetry)
   konum: System.Data.SqlClient.SqlCommand.RunExecuteReader(CommandBehavior cmdBehavior, RunBehavior runBehavior, Boolean returnStream, String method)
   konum: System.Data.SqlClient.SqlCommand.ExecuteReader(CommandBehavior behavior, String method)
   konum: System.Data.SqlClient.SqlCommand.ExecuteReader()
   konum: MvcProject.Methods.UserManager.GetUserByName(String username) C:\Users\vyust\Desktop\CuratorTagProject\MvcProject\Methods\UserManager.cs içinde: satýr 335
ClientConnectionId:9b6bc047-eea0-45a8-bc62-3a9536570ea8
Error Number:8144,State:2,Class:16 - UserController.GetUserForEdit => UserManager.GetUserByName => ConnectionManager.Excep

 19-03-2022 22:53:19 - Error - System.NullReferenceException: Nesne baþvurusu bir nesnenin örneðine ayarlanmadý.
   konum: System.Data.SqlClient.SqlCommand.GetRPCObject(Int32 paramCount, _SqlRPC& rpc, Boolean forSpDescribeParameterEncryption)
   konum: System.Data.SqlClient.SqlCommand.BuildRPC(Boolean inSchema, SqlParameterCollection parameters, _SqlRPC& rpc)
   konum: System.Data.SqlClient.SqlCommand.RunExecuteReaderTds(CommandBehavior cmdBehavior, RunBehavior runBehavior, Boolean returnStream, Boolean async, Int32 timeout, Task& task, Boolean asyncWrite, Boolean inRetry, SqlDataReader ds, Boolean describeParameterEncryptionRequest)
   konum: System.Data.SqlClient.SqlCommand.RunExecuteReader(CommandBehavior cmdBehavior, RunBehavior runBehavior, Boolean returnStream, String method, TaskCompletionSource`1 completion, Int32 timeout, Task& task, Boolean& usedCache, Boolean asyncWrite, Boolean inRetry)
   konum: System.Data.SqlClient.SqlCommand.RunExecuteReader(CommandBehavior cmdBehavior, RunBehavior runBehavior, Boolean returnStream, String method)
   konum: System.Data.SqlClient.SqlCommand.ExecuteReader(CommandBehavior behavior, String method)
   konum: System.Data.SqlClient.SqlCommand.ExecuteReader()
   konum: MvcProject.Methods.UserManager.GetUser(Int32 id) C:\Users\vyust\Desktop\CuratorTagProject\MvcProject\Methods\UserManager.cs içinde: satýr 218 - General - System.NullReferenceException: Nesne baþvurusu bir nesnenin örneðine ayarlanmadý.
   konum: System.Data.SqlClient.SqlCommand.GetRPCObject(Int32 paramCount, _SqlRPC& rpc, Boolean forSpDescribeParameterEncryption)
   konum: System.Data.SqlClient.SqlCommand.BuildRPC(Boolean inSchema, SqlParameterCollection parameters, _SqlRPC& rpc)
   konum: System.Data.SqlClient.SqlCommand.RunExecuteReaderTds(CommandBehavior cmdBehavior, RunBehavior runBehavior, Boolean returnStream, Boolean async, Int32 timeout, Task& task, Boolean asyncWrite, Boolean inRetry, SqlDataReader ds, Boolean describeParameterEncryptionRequest)
   konum: System.Data.SqlClient.SqlCommand.RunExecuteReader(CommandBehavior cmdBehavior, RunBehavior runBehavior, Boolean returnStream, String method, TaskCompletionSource`1 completion, Int32 timeout, Task& task, Boolean& usedCache, Boolean asyncWrite, Boolean inRetry)
   konum: System.Data.SqlClient.SqlCommand.RunExecuteReader(CommandBehavior cmdBehavior, RunBehavior runBehavior, Boolean returnStream, String method)
   konum: System.Data.SqlClient.SqlCommand.ExecuteReader(CommandBehavior behavior, String method)
   konum: System.Data.SqlClient.SqlCommand.ExecuteReader()
   konum: MvcProject.Methods.UserManager.GetUser(Int32 id) C:\Users\vyust\Desktop\CuratorTagProject\MvcProject\Methods\UserManager.cs içinde: satýr 218 - UserController.GetUserForEdit => UserManager.GetUser => ConnectionManager.Excep

 19-03-2022 22:59:25 - Error - System.NullReferenceException: Nesne baþvurusu bir nesnenin örneðine ayarlanmadý.
   konum: System.Data.SqlClient.SqlDataReader.Bind(TdsParserStateObject stateObj)
   konum: System.Data.SqlClient.SqlCommand.FinishExecuteReader(SqlDataReader ds, RunBehavior runBehavior, String resetOptionsString, Boolean isInternal, Boolean forDescribeParameterEncryption, Boolean shouldCacheForAlwaysEncrypted)
   konum: System.Data.SqlClient.SqlCommand.RunExecuteReaderTds(CommandBehavior cmdBehavior, RunBehavior runBehavior, Boolean returnStream, Boolean async, Int32 timeout, Task& task, Boolean asyncWrite, Boolean inRetry, SqlDataReader ds, Boolean describeParameterEncryptionRequest)
   konum: System.Data.SqlClient.SqlCommand.RunExecuteReader(CommandBehavior cmdBehavior, RunBehavior runBehavior, Boolean returnStream, String method, TaskCompletionSource`1 completion, Int32 timeout, Task& task, Boolean& usedCache, Boolean asyncWrite, Boolean inRetry)
   konum: System.Data.SqlClient.SqlCommand.RunExecuteReader(CommandBehavior cmdBehavior, RunBehavior runBehavior, Boolean returnStream, String method)
   konum: System.Data.SqlClient.SqlCommand.ExecuteReader(CommandBehavior behavior, String method)
   konum: System.Data.SqlClient.SqlCommand.ExecuteReader()
   konum: MvcProject.Methods.UserManager.GetUser(Int32 id) C:\Users\vyust\Desktop\CuratorTagProject\MvcProject\Methods\UserManager.cs içinde: satýr 218 - General - System.NullReferenceException: Nesne baþvurusu bir nesnenin örneðine ayarlanmadý.
   konum: System.Data.SqlClient.SqlDataReader.Bind(TdsParserStateObject stateObj)
   konum: System.Data.SqlClient.SqlCommand.FinishExecuteReader(SqlDataReader ds, RunBehavior runBehavior, String resetOptionsString, Boolean isInternal, Boolean forDescribeParameterEncryption, Boolean shouldCacheForAlwaysEncrypted)
   konum: System.Data.SqlClient.SqlCommand.RunExecuteReaderTds(CommandBehavior cmdBehavior, RunBehavior runBehavior, Boolean returnStream, Boolean async, Int32 timeout, Task& task, Boolean asyncWrite, Boolean inRetry, SqlDataReader ds, Boolean describeParameterEncryptionRequest)
   konum: System.Data.SqlClient.SqlCommand.RunExecuteReader(CommandBehavior cmdBehavior, RunBehavior runBehavior, Boolean returnStream, String method, TaskCompletionSource`1 completion, Int32 timeout, Task& task, Boolean& usedCache, Boolean asyncWrite, Boolean inRetry)
   konum: System.Data.SqlClient.SqlCommand.RunExecuteReader(CommandBehavior cmdBehavior, RunBehavior runBehavior, Boolean returnStream, String method)
   konum: System.Data.SqlClient.SqlCommand.ExecuteReader(CommandBehavior behavior, String method)
   konum: System.Data.SqlClient.SqlCommand.ExecuteReader()
   konum: MvcProject.Methods.UserManager.GetUser(Int32 id) C:\Users\vyust\Desktop\CuratorTagProject\MvcProject\Methods\UserManager.cs içinde: satýr 218 - UserController.GetUserForEdit => UserManager.GetUser => ConnectionManager.Excep

